0 info it worked if it ends with ok
1 verbose cli [ 'C:\\Program Files\\nodejs\\node.exe',
1 verbose cli   'C:\\Program Files\\nodejs\\node_modules\\npm\\bin\\npm-cli.js',
1 verbose cli   'run',
1 verbose cli   'serve' ]
2 info using npm@3.10.10
3 info using node@v6.11.3
4 verbose run-script [ 'preserve', 'serve', 'postserve' ]
5 info lifecycle indecision-app@1.0.0~preserve: indecision-app@1.0.0
6 silly lifecycle indecision-app@1.0.0~preserve: no script for preserve, continuing
7 info lifecycle indecision-app@1.0.0~serve: indecision-app@1.0.0
8 verbose lifecycle indecision-app@1.0.0~serve: unsafe-perm in lifecycle true
9 verbose lifecycle indecision-app@1.0.0~serve: PATH: C:\Program Files\nodejs\node_modules\npm\bin\node-gyp-bin;C:\Users\lucas.cavalcante\Documents\OTHER\udemy\udemy-react-am\node_modules\.bin;C:\Program Files\cmder_mini\bin;C:\Program Files\cmder_mini\vendor\conemu-maximus5\ConEmu\Scripts;C:\Program Files\cmder_mini\vendor\conemu-maximus5;C:\Program Files\cmder_mini\vendor\conemu-maximus5\ConEmu;C:\Program Files\Docker\Docker\Resources\bin;C:\ProgramData\Oracle\Java\javapath;C:\WINDOWS\system32;C:\WINDOWS;C:\WINDOWS\System32\Wbem;C:\WINDOWS\System32\WindowsPowerShell\v1.0\;C:\Program Files\MySQL\MySQL Utilities 1.6\;C:\Program Files\Java\jdk1.8.0_144\bin;C:\Program Files\Java\jre1.8.0_144\bin\keytool.exe;C:\Program Files\nodejs\;C:\Program Files\Git\bin;C:\Program Files\cmder_mini;C:\Program Files\PostgreSQL\9.6\bin;C:\Program Files (x86)\Skype\Phone\;C:\Program Files\PuTTY\;C:\sqlite;C:\Program Files\apache-maven-3.5.2\bin;C:\Program Files (x86)\Microsoft SQL Server\Client SDK\ODBC\130\Tools\Binn\;C:\Program Files (x86)\Microsoft SQL Server\140\Tools\Binn\;C:\Program Files (x86)\Microsoft SQL Server\140\DTS\Binn\;C:\Program Files (x86)\Microsoft SQL Server\140\Tools\Binn\ManagementStudio\;C:\ProgramData\chocolatey\bin;C:\Ruby24-x64\bin;C:\Users\lucas.cavalcante\AppData\Local\Microsoft\WindowsApps;C:\Users\lucas.cavalcante\AppData\Roaming\npm;C:\Program Files\Microsoft VS Code\bin;;C:\Program Files\Git\usr\bin;C:\Program Files\Git\usr\share\vim\vim74;C:\Program Files\cmder_mini\
10 verbose lifecycle indecision-app@1.0.0~serve: CWD: C:\Users\lucas.cavalcante\Documents\OTHER\udemy\udemy-react-am
11 silly lifecycle indecision-app@1.0.0~serve: Args: [ '/d /s /c', 'live-server public/' ]
12 silly lifecycle indecision-app@1.0.0~serve: Returned: code: 3221225495  signal: null
13 info lifecycle indecision-app@1.0.0~serve: Failed to exec serve script
14 verbose stack Error: indecision-app@1.0.0 serve: `live-server public/`
14 verbose stack Exit status 3221225495
14 verbose stack     at EventEmitter.<anonymous> (C:\Program Files\nodejs\node_modules\npm\lib\utils\lifecycle.js:255:16)
14 verbose stack     at emitTwo (events.js:106:13)
14 verbose stack     at EventEmitter.emit (events.js:191:7)
14 verbose stack     at ChildProcess.<anonymous> (C:\Program Files\nodejs\node_modules\npm\lib\utils\spawn.js:40:14)
14 verbose stack     at emitTwo (events.js:106:13)
14 verbose stack     at ChildProcess.emit (events.js:191:7)
14 verbose stack     at maybeClose (internal/child_process.js:920:16)
14 verbose stack     at Process.ChildProcess._handle.onexit (internal/child_process.js:230:5)
15 verbose pkgid indecision-app@1.0.0
16 verbose cwd C:\Users\lucas.cavalcante\Documents\OTHER\udemy\udemy-react-am
17 error Windows_NT 10.0.16299
18 error argv "C:\\Program Files\\nodejs\\node.exe" "C:\\Program Files\\nodejs\\node_modules\\npm\\bin\\npm-cli.js" "run" "serve"
19 error node v6.11.3
20 error npm  v3.10.10
21 error code ELIFECYCLE
22 error indecision-app@1.0.0 serve: `live-server public/`
22 error Exit status 3221225495
23 error Failed at the indecision-app@1.0.0 serve script 'live-server public/'.
23 error Make sure you have the latest version of node.js and npm installed.
23 error If you do, this is most likely a problem with the indecision-app package,
23 error not with npm itself.
23 error Tell the author that this fails on your system:
23 error     live-server public/
23 error You can get information on how to open an issue for this project with:
23 error     npm bugs indecision-app
23 error Or if that isn't available, you can get their info via:
23 error     npm owner ls indecision-app
23 error There is likely additional logging output above.
24 verbose exit [ 1, true ]
